This is XeTeX, Version 3.14159265-2.6-0.99998 (TeX Live 2017) (preloaded format=xelatex 2017.5.23)  6 FEB 2018 11:24
entering extended mode
 restricted \write18 enabled.
 %&-line parsing enabled.
**main.tex
(./main.tex
LaTeX2e <2017-04-15>
Babel <3.10> and hyphenation patterns for 84 language(s) loaded.
(./llncs.cls
Document Class: llncs 2015/06/24 v2.20 
 LaTeX document class for Lecture Notes in Computer Science
(/usr/local/texlive/2017/texmf-dist/tex/latex/base/article.cls
Document Class: article 2014/09/29 v1.4h Standard LaTeX document class
(/usr/local/texlive/2017/texmf-dist/tex/latex/base/size10.clo
File: size10.clo 2014/09/29 v1.4h Standard LaTeX file (size option)
)
\c@part=\count79
\c@section=\count80
\c@subsection=\count81
\c@subsubsection=\count82
\c@paragraph=\count83
\c@subparagraph=\count84
\c@figure=\count85
\c@table=\count86
\abovecaptionskip=\skip41
\belowcaptionskip=\skip42
\bibindent=\dimen102
)
(/usr/local/texlive/2017/texmf-dist/tex/latex/tools/multicol.sty
Package: multicol 2017/04/11 v1.8q multicolumn formatting (FMi)
\c@tracingmulticols=\count87
\mult@box=\box26
\multicol@leftmargin=\dimen103
\c@unbalance=\count88
\c@collectmore=\count89
\doublecol@number=\count90
\multicoltolerance=\count91
\multicolpretolerance=\count92
\full@width=\dimen104
\page@free=\dimen105
\premulticols=\dimen106
\postmulticols=\dimen107
\multicolsep=\skip43
\multicolbaselineskip=\skip44
\partial@page=\box27
\last@line=\box28
\maxbalancingoverflow=\dimen108
\mult@rightbox=\box29
\mult@grightbox=\box30
\mult@gfirstbox=\box31
\mult@firstbox=\box32
\@tempa=\box33
\@tempa=\box34
\@tempa=\box35
\@tempa=\box36
\@tempa=\box37
\@tempa=\box38
\@tempa=\box39
\@tempa=\box40
\@tempa=\box41
\@tempa=\box42
\@tempa=\box43
\@tempa=\box44
\@tempa=\box45
\@tempa=\box46
\@tempa=\box47
\@tempa=\box48
\@tempa=\box49
\c@columnbadness=\count93
\c@finalcolumnbadness=\count94
\last@try=\dimen109
\multicolovershoot=\dimen110
\multicolundershoot=\dimen111
\mult@nat@firstbox=\box50
\colbreak@box=\box51
\mc@col@check@num=\count95
)
(./aliascnt.sty
Package: aliascnt 2009/09/08 v1.3 Alias counter (HO)
 (./remreset.sty))
\c@chapter=\count96
LaTeX Font Info:    Redeclaring math symbol \Gamma on input line 362.
LaTeX Font Info:    Redeclaring math symbol \Delta on input line 363.
LaTeX Font Info:    Redeclaring math symbol \Theta on input line 364.
LaTeX Font Info:    Redeclaring math symbol \Lambda on input line 365.
LaTeX Font Info:    Redeclaring math symbol \Xi on input line 366.
LaTeX Font Info:    Redeclaring math symbol \Pi on input line 367.
LaTeX Font Info:    Redeclaring math symbol \Sigma on input line 368.
LaTeX Font Info:    Redeclaring math symbol \Upsilon on input line 369.
LaTeX Font Info:    Redeclaring math symbol \Phi on input line 370.
LaTeX Font Info:    Redeclaring math symbol \Psi on input line 371.
LaTeX Font Info:    Redeclaring math symbol \Omega on input line 372.
\tocchpnum=\dimen112
\tocsecnum=\dimen113
\tocsectotal=\dimen114
\tocsubsecnum=\dimen115
\tocsubsectotal=\dimen116
\tocsubsubsecnum=\dimen117
\tocsubsubsectotal=\dimen118
\tocparanum=\dimen119
\tocparatotal=\dimen120
\tocsubparanum=\dimen121
\@tempcntc=\count97
\fnindent=\dimen122
\c@@inst=\count98
\c@@auth=\count99
\c@auco=\count100
\instindent=\dimen123
\authrun=\box52
\authorrunning=\toks14
\tocauthor=\toks15
\titrun=\box53
\titlerunning=\toks16
\toctitle=\toks17
\c@theorem=\count101
\c@case=\count102
\c@conjecture=\count103
\c@corollary=\count104
\c@definition=\count105
\c@example=\count106
\c@exercise=\count107
\c@lemma=\count108
\c@note=\count109
\c@problem=\count110
\c@property=\count111
\c@proposition=\count112
\c@question=\count113
\c@solution=\count114
\c@remark=\count115
\headlineindent=\dimen124
) (./main.aux)
\openout1 = `main.aux'.

LaTeX Font Info:    Checking defaults for OML/cmm/m/it on input line 11.
LaTeX Font Info:    ... okay on input line 11.
LaTeX Font Info:    Checking defaults for T1/cmr/m/n on input line 11.
LaTeX Font Info:    ... okay on input line 11.
LaTeX Font Info:    Checking defaults for OT1/cmr/m/n on input line 11.
LaTeX Font Info:    ... okay on input line 11.
LaTeX Font Info:    Checking defaults for OMS/cmsy/m/n on input line 11.
LaTeX Font Info:    ... okay on input line 11.
LaTeX Font Info:    Checking defaults for TU/lmr/m/n on input line 11.
LaTeX Font Info:    ... okay on input line 11.
LaTeX Font Info:    Checking defaults for OMX/cmex/m/n on input line 11.
LaTeX Font Info:    ... okay on input line 11.
LaTeX Font Info:    Checking defaults for U/cmr/m/n on input line 11.
LaTeX Font Info:    ... okay on input line 11.
LaTeX Font Info:    External font `cmex10' loaded for size
(Font)              <7> on input line 29.
LaTeX Font Info:    External font `cmex10' loaded for size
(Font)              <5> on input line 29.
 [1

] (./main.aux) ) 
Here is how much of TeX's memory you used:
 649 strings out of 493005
 7547 string characters out of 6134596
 74900 words of memory out of 5000000
 4681 multiletter control sequences out of 15000+600000
 3704 words of font info for 22 fonts, out of 8000000 for 9000
 1348 hyphenation exceptions out of 8191
 28i,4n,21p,183b,142s stack positions out of 5000i,500n,10000p,200000b,80000s

Output written on main.pdf (1 page).
